<?xml version="1.0" encoding="UTF-8"?>
<!-- Generated by org.testng.reporters.JUnitReportReporter -->
<testsuite hostname="DESKTOP-VPG8QQH" failures="0" tests="1" name="com.easymytrip.tests.BusTicketTest" time="63.906" errors="0" timestamp="2024-12-18T15:49:55 GMT" skipped="0">
  <testcase classname="com.easymytrip.tests.BusTicketTest" name="BusTicketTest" time="63.906"/>
  <system-out/>
</testsuite> <!-- com.easymytrip.tests.BusTicketTest -->
